2025-04-04 08:22:16.634816 - Received CBT.V508.FILE353.PDS from FILE353.XMI 
2025-04-04 08:22:16.638463 - Found $$$#DATE.txt (text/plain) in CBT.V508.FILE353.PDS, moved to PDS/$$$#DATE
2025-04-04 08:22:16.638618 - Found $AMODE.txt (text/plain) in CBT.V508.FILE353.PDS, moved to PDS/$AMODE
2025-04-04 08:22:16.638794 - Found $INDEX.txt (text/plain) in CBT.V508.FILE353.PDS, moved to PDS/$INDEX
2025-04-04 08:22:16.638925 - Found @FILE353.txt (text/plain) in CBT.V508.FILE353.PDS, moved to PDS/@FILE353
2025-04-04 08:22:16.639053 - Found APPLDEF.txt (text/plain) in CBT.V508.FILE353.PDS, moved to PDS/APPLDEF
2025-04-04 08:22:16.639185 - Found APPLJOB.txt (text/plain) in CBT.V508.FILE353.PDS, moved to PDS/APPLJOB
2025-04-04 08:22:16.639322 - Found APPLMON.jcl (text/plain) in CBT.V508.FILE353.PDS, moved to PDS/APPLMON
2025-04-04 08:22:16.639447 - Found APPLMON$.txt (text/plain) in CBT.V508.FILE353.PDS, moved to PDS/APPLMON$
2025-04-04 08:22:16.639568 - Found APPLOGO.jcl (text/plain) in CBT.V508.FILE353.PDS, moved to PDS/APPLOGO
2025-04-04 08:22:16.639684 - Found APPLOPR.jcl (text/plain) in CBT.V508.FILE353.PDS, moved to PDS/APPLOPR
2025-04-04 08:22:16.639809 - Found APPLPGM.jcl (text/plain) in CBT.V508.FILE353.PDS, moved to PDS/APPLPGM
2025-04-04 08:22:16.639935 - Found APPLSAD.jcl (text/plain) in CBT.V508.FILE353.PDS, moved to PDS/APPLSAD
2025-04-04 08:22:16.640055 - Found APPLSPO.jcl (text/plain) in CBT.V508.FILE353.PDS, moved to PDS/APPLSPO
2025-04-04 08:22:16.640178 - Found APPLXIT.jcl (text/plain) in CBT.V508.FILE353.PDS, moved to PDS/APPLXIT
2025-04-04 08:22:16.640313 - Found CDF.jcl (text/plain) in CBT.V508.FILE353.PDS, moved to PDS/CDF
2025-04-04 08:22:16.640456 - Found CDF$.txt (text/plain) in CBT.V508.FILE353.PDS, moved to PDS/CDF$
2025-04-04 08:22:16.640597 - Found CDFDATAB.txt (text/plain) in CBT.V508.FILE353.PDS, moved to PDS/CDFDATAB
2025-04-04 08:22:16.640720 - Found CDFHELP.txt (text/plain) in CBT.V508.FILE353.PDS, moved to PDS/CDFHELP
2025-04-04 08:22:16.640853 - Found CDF00.txt (text/plain) in CBT.V508.FILE353.PDS, moved to PDS/CDF00
2025-04-04 08:22:16.640977 - Found CDF2H1.txt (text/plain) in CBT.V508.FILE353.PDS, moved to PDS/CDF2H1
2025-04-04 08:22:16.641095 - Found CDF2P1.txt (text/plain) in CBT.V508.FILE353.PDS, moved to PDS/CDF2P1
2025-04-04 08:22:16.641219 - Found CDF3P1.txt (text/plain) in CBT.V508.FILE353.PDS, moved to PDS/CDF3P1
2025-04-04 08:22:16.641351 - Found CVTCUSER.txt (text/plain) in CBT.V508.FILE353.PDS, moved to PDS/CVTCUSER
2025-04-04 08:22:16.641478 - Found CVTUSERB.txt (text/plain) in CBT.V508.FILE353.PDS, moved to PDS/CVTUSERB
2025-04-04 08:22:16.641605 - Found CVTUSERN.txt (text/plain) in CBT.V508.FILE353.PDS, moved to PDS/CVTUSERN
2025-04-04 08:22:16.641747 - Found CVTUSERO.txt (text/plain) in CBT.V508.FILE353.PDS, moved to PDS/CVTUSERO
2025-04-04 08:22:16.641863 - Found CVTUSERS.txt (text/plain) in CBT.V508.FILE353.PDS, moved to PDS/CVTUSERS
2025-04-04 08:22:16.641974 - Found DIF.jcl (text/plain) in CBT.V508.FILE353.PDS, moved to PDS/DIF
2025-04-04 08:22:16.642093 - Found DIFDATAB.txt (text/plain) in CBT.V508.FILE353.PDS, moved to PDS/DIFDATAB
2025-04-04 08:22:16.642228 - Found DIFHELP.txt (text/plain) in CBT.V508.FILE353.PDS, moved to PDS/DIFHELP
2025-04-04 08:22:16.642376 - Found ETPS.jcl (text/plain) in CBT.V508.FILE353.PDS, moved to PDS/ETPS
2025-04-04 08:22:16.642506 - Found ETPS$.txt (text/plain) in CBT.V508.FILE353.PDS, moved to PDS/ETPS$
2025-04-04 08:22:16.642658 - Found ETPSBRO3.jcl (text/plain) in CBT.V508.FILE353.PDS, moved to PDS/ETPSBRO3
2025-04-04 08:22:16.642772 - Found ETPSCOMP.jcl (text/plain) in CBT.V508.FILE353.PDS, moved to PDS/ETPSCOMP
2025-04-04 08:22:16.642888 - Found ETPSEDT3.jcl (text/plain) in CBT.V508.FILE353.PDS, moved to PDS/ETPSEDT3
2025-04-04 08:22:16.643018 - Found ETPSHELP.txt (text/plain) in CBT.V508.FILE353.PDS, moved to PDS/ETPSHELP
2025-04-04 08:22:16.643151 - Found ETPSIDC2.jcl (text/plain) in CBT.V508.FILE353.PDS, moved to PDS/ETPSIDC2
2025-04-04 08:22:16.643261 - Found ETPSMACS.txt (text/plain) in CBT.V508.FILE353.PDS, moved to PDS/ETPSMACS
2025-04-04 08:22:16.643374 - Found ETPSMEMC.jcl (text/plain) in CBT.V508.FILE353.PDS, moved to PDS/ETPSMEMC
2025-04-04 08:22:16.643504 - Found ETPSMNEW.txt (text/plain) in CBT.V508.FILE353.PDS, moved to PDS/ETPSMNEW
2025-04-04 08:22:16.643628 - Found ETPSTSO.jcl (text/plain) in CBT.V508.FILE353.PDS, moved to PDS/ETPSTSO
2025-04-04 08:22:16.643748 - Found IGC0023E.jcl (text/plain) in CBT.V508.FILE353.PDS, moved to PDS/IGC0023E
2025-04-04 08:22:16.643860 - Found IGC0023F.jcl (text/plain) in CBT.V508.FILE353.PDS, moved to PDS/IGC0023F
2025-04-04 08:22:16.643990 - Found IGC0024G.jcl (text/plain) in CBT.V508.FILE353.PDS, moved to PDS/IGC0024G
2025-04-04 08:22:16.644111 - Found ISP@PRIM.txt (text/plain) in CBT.V508.FILE353.PDS, moved to PDS/ISP@PRIM
2025-04-04 08:22:16.644247 - Found JDF.txt (text/plain) in CBT.V508.FILE353.PDS, moved to PDS/JDF
2025-04-04 08:22:16.644361 - Found JDF$.txt (text/plain) in CBT.V508.FILE353.PDS, moved to PDS/JDF$
2025-04-04 08:22:16.644474 - Found JDFBRHLP.txt (text/plain) in CBT.V508.FILE353.PDS, moved to PDS/JDFBRHLP
2025-04-04 08:22:16.644606 - Found JDFBRTAB.txt (text/plain) in CBT.V508.FILE353.PDS, moved to PDS/JDFBRTAB
2025-04-04 08:22:16.644723 - Found JDFDAHLP.txt (text/plain) in CBT.V508.FILE353.PDS, moved to PDS/JDFDAHLP
2025-04-04 08:22:16.644842 - Found JDFDATAB.txt (text/plain) in CBT.V508.FILE353.PDS, moved to PDS/JDFDATAB
2025-04-04 08:22:16.644961 - Found JDFDATB2.txt (text/plain) in CBT.V508.FILE353.PDS, moved to PDS/JDFDATB2
2025-04-04 08:22:16.645095 - Found JDFDDHLP.txt (text/plain) in CBT.V508.FILE353.PDS, moved to PDS/JDFDDHLP
2025-04-04 08:22:16.645208 - Found JDFDDTAB.txt (text/plain) in CBT.V508.FILE353.PDS, moved to PDS/JDFDDTAB
2025-04-04 08:22:16.645332 - Found JDFDSHLP.txt (text/plain) in CBT.V508.FILE353.PDS, moved to PDS/JDFDSHLP
2025-04-04 08:22:16.645448 - Found JDFDSTAB.txt (text/plain) in CBT.V508.FILE353.PDS, moved to PDS/JDFDSTAB
2025-04-04 08:22:16.645573 - Found JDFHELP.txt (text/plain) in CBT.V508.FILE353.PDS, moved to PDS/JDFHELP
2025-04-04 08:22:16.645696 - Found JDFHJOB.txt (text/plain) in CBT.V508.FILE353.PDS, moved to PDS/JDFHJOB
2025-04-04 08:22:16.645817 - Found JDFHOPT.txt (text/plain) in CBT.V508.FILE353.PDS, moved to PDS/JDFHOPT
2025-04-04 08:22:16.645953 - Found JDFMACS.txt (text/plain) in CBT.V508.FILE353.PDS, moved to PDS/JDFMACS
2025-04-04 08:22:16.646075 - Found JDFOPT.txt (text/plain) in CBT.V508.FILE353.PDS, moved to PDS/JDFOPT
2025-04-04 08:22:16.646195 - Found JDFPJOB.txt (text/plain) in CBT.V508.FILE353.PDS, moved to PDS/JDFPJOB
2025-04-04 08:22:16.646322 - Found JDFPOPT.txt (text/plain) in CBT.V508.FILE353.PDS, moved to PDS/JDFPOPT
2025-04-04 08:22:16.646437 - Found JDFREPR.txt (text/plain) in CBT.V508.FILE353.PDS, moved to PDS/JDFREPR
2025-04-04 08:22:16.646549 - Found JDFREPRH.txt (text/plain) in CBT.V508.FILE353.PDS, moved to PDS/JDFREPRH
2025-04-04 08:22:16.646673 - Found JDFRMT.txt (text/plain) in CBT.V508.FILE353.PDS, moved to PDS/JDFRMT
2025-04-04 08:22:16.646808 - Found JDFRMTH.txt (text/plain) in CBT.V508.FILE353.PDS, moved to PDS/JDFRMTH
2025-04-04 08:22:16.646923 - Found JDFRULES.txt (text/plain) in CBT.V508.FILE353.PDS, moved to PDS/JDFRULES
2025-04-04 08:22:16.647060 - Found JDFSVC.jcl (text/plain) in CBT.V508.FILE353.PDS, moved to PDS/JDFSVC
2025-04-04 08:22:16.647182 - Found JDFUSER.txt (text/plain) in CBT.V508.FILE353.PDS, moved to PDS/JDFUSER
2025-04-04 08:22:16.647316 - Found JDFXA.txt (text/plain) in CBT.V508.FILE353.PDS, moved to PDS/JDFXA
2025-04-04 08:22:16.647445 - Found JDF00.txt (text/plain) in CBT.V508.FILE353.PDS, moved to PDS/JDF00
2025-04-04 08:22:16.647568 - Found PAN.txt (text/plain) in CBT.V508.FILE353.PDS, moved to PDS/PAN
2025-04-04 08:22:16.647689 - Found PLF$.txt (text/plain) in CBT.V508.FILE353.PDS, moved to PDS/PLF$
2025-04-04 08:22:16.647807 - Found PLFH1.txt (text/plain) in CBT.V508.FILE353.PDS, moved to PDS/PLFH1
2025-04-04 08:22:16.647928 - Found PLFH2.txt (text/plain) in CBT.V508.FILE353.PDS, moved to PDS/PLFH2
2025-04-04 08:22:16.648059 - Found PLFH3.txt (text/plain) in CBT.V508.FILE353.PDS, moved to PDS/PLFH3
2025-04-04 08:22:16.648174 - Found PLFP1.txt (text/plain) in CBT.V508.FILE353.PDS, moved to PDS/PLFP1
2025-04-04 08:22:16.648289 - Found PLFP2.txt (text/plain) in CBT.V508.FILE353.PDS, moved to PDS/PLFP2
2025-04-04 08:22:16.648403 - Found PLF00.txt (text/plain) in CBT.V508.FILE353.PDS, moved to PDS/PLF00
2025-04-04 08:22:16.648517 - Found PLF1P1.txt (text/plain) in CBT.V508.FILE353.PDS, moved to PDS/PLF1P1
2025-04-04 08:22:16.648635 - Found PLF2P2.txt (text/plain) in CBT.V508.FILE353.PDS, moved to PDS/PLF2P2
2025-04-04 08:22:16.648761 - Found PLF3.jcl (text/plain) in CBT.V508.FILE353.PDS, moved to PDS/PLF3
2025-04-04 08:22:16.648891 - Found PLF3H1.txt (text/plain) in CBT.V508.FILE353.PDS, moved to PDS/PLF3H1
2025-04-04 08:22:16.649025 - Found PLF3H2.txt (text/plain) in CBT.V508.FILE353.PDS, moved to PDS/PLF3H2
2025-04-04 08:22:16.649141 - Found PLF3P1.txt (text/plain) in CBT.V508.FILE353.PDS, moved to PDS/PLF3P1
2025-04-04 08:22:16.649257 - Found PLF3P2.txt (text/plain) in CBT.V508.FILE353.PDS, moved to PDS/PLF3P2
2025-04-04 08:22:16.649537 - Found PLF3P3.txt (text/plain) in CBT.V508.FILE353.PDS, moved to PDS/PLF3P3
2025-04-04 08:22:16.649654 - Found PLF3XWRK.txt (text/plain) in CBT.V508.FILE353.PDS, moved to PDS/PLF3XWRK
2025-04-04 08:22:16.649774 - Found PSCBWORK.txt (text/plain) in CBT.V508.FILE353.PDS, moved to PDS/PSCBWORK
2025-04-04 08:22:16.649905 - Found QSAMGET.jcl (text/plain) in CBT.V508.FILE353.PDS, moved to PDS/QSAMGET
2025-04-04 08:22:16.650022 - Found QSAMPUT.jcl (text/plain) in CBT.V508.FILE353.PDS, moved to PDS/QSAMPUT
2025-04-04 08:22:16.650155 - Found REGS.txt (text/plain) in CBT.V508.FILE353.PDS, moved to PDS/REGS
2025-04-04 08:22:16.650272 - Found SMBH1.txt (text/plain) in CBT.V508.FILE353.PDS, moved to PDS/SMBH1
2025-04-04 08:22:16.650388 - Found SMBP1.txt (text/plain) in CBT.V508.FILE353.PDS, moved to PDS/SMBP1
2025-04-04 08:22:16.650502 - Found SMBROWSE.txt (text/plain) in CBT.V508.FILE353.PDS, moved to PDS/SMBROWSE
2025-04-04 08:22:16.650616 - Found SMB00.txt (text/plain) in CBT.V508.FILE353.PDS, moved to PDS/SMB00
2025-04-04 08:22:16.650728 - Found SPFMACS.txt (text/plain) in CBT.V508.FILE353.PDS, moved to PDS/SPFMACS
2025-04-04 08:22:16.650838 - Found SRMMACS.txt (text/plain) in CBT.V508.FILE353.PDS, moved to PDS/SRMMACS
2025-04-04 08:22:16.650962 - Found TCBUVTAM.txt (text/plain) in CBT.V508.FILE353.PDS, moved to PDS/TCBUVTAM
2025-04-04 08:22:16.651081 - Found TCBWORK.txt (text/plain) in CBT.V508.FILE353.PDS, moved to PDS/TCBWORK
2025-04-04 08:22:16.651217 - Found TIMEROU.txt (text/plain) in CBT.V508.FILE353.PDS, moved to PDS/TIMEROU
2025-04-04 08:22:16.651329 - Found VDF.jcl (text/plain) in CBT.V508.FILE353.PDS, moved to PDS/VDF
2025-04-04 08:22:16.651445 - Found VDF$.txt (text/plain) in CBT.V508.FILE353.PDS, moved to PDS/VDF$
2025-04-04 08:22:16.651563 - Found VDFDATAB.txt (text/plain) in CBT.V508.FILE353.PDS, moved to PDS/VDFDATAB
2025-04-04 08:22:16.651681 - Found VDFHELP.txt (text/plain) in CBT.V508.FILE353.PDS, moved to PDS/VDFHELP
2025-04-04 08:22:16.651805 - Found VIODSECT.txt (text/plain) in CBT.V508.FILE353.PDS, moved to PDS/VIODSECT
2025-04-04 08:22:16.651922 - Found VIOEQU.txt (text/plain) in CBT.V508.FILE353.PDS, moved to PDS/VIOEQU
2025-04-04 08:22:16.652050 - Found XDF.txt (text/plain) in CBT.V508.FILE353.PDS, moved to PDS/XDF
2025-04-04 08:22:16.652171 - Found XDF$.txt (text/plain) in CBT.V508.FILE353.PDS, moved to PDS/XDF$
2025-04-04 08:22:16.652306 - Found XDFASM.jcl (text/plain) in CBT.V508.FILE353.PDS, moved to PDS/XDFASM
2025-04-04 08:22:16.652422 - Found XDFDATAB.txt (text/plain) in CBT.V508.FILE353.PDS, moved to PDS/XDFDATAB
2025-04-04 08:22:16.652540 - Found XDFHELP.txt (text/plain) in CBT.V508.FILE353.PDS, moved to PDS/XDFHELP
2025-04-04 08:22:16.652655 - Found XDFHELP1.txt (text/plain) in CBT.V508.FILE353.PDS, moved to PDS/XDFHELP1
2025-04-04 08:22:16.652772 - Found XDFHELP2.txt (text/plain) in CBT.V508.FILE353.PDS, moved to PDS/XDFHELP2
2025-04-04 08:22:16.652886 - Found XDFHELP3.txt (text/plain) in CBT.V508.FILE353.PDS, moved to PDS/XDFHELP3
2025-04-04 08:22:16.653004 - Found ZDOCPRT.jcl (text/plain) in CBT.V508.FILE353.PDS, moved to PDS/ZDOCPRT
